Using pre-set license
Built from '2020.3/staging' branch; Version is '2020.3.11f1 (99c7afb366b3) revision 10078127'; Using compiler version '192528614'; Build Type 'Release'
OS: 'Windows 10 Home Single Language; OS build 19043.1165; Version 2009; 64bit' Language: 'en' Physical Memory: 6082 MB
BatchMode: 1, IsHumanControllingUs: 0, StartBugReporterOnCrash: 0, Is64bit: 1, IsPro: 0

 COMMAND LINE ARGUMENTS:
E:\GAME DEV\Unity\Editor\Unity.exe
-adb2
-batchMode
-noUpm
-name
AssetImportWorker3
-projectPath
E:/GAME DEV/GAMES(Self)/Multiplayer(Tutorial)
-logFile
Logs/AssetImportWorker3.log
-srvPort
52420
Successfully changed project path to: E:/GAME DEV/GAMES(Self)/Multiplayer(Tutorial)
E:/GAME DEV/GAMES(Self)/Multiplayer(Tutorial)
Using Asset Import Pipeline V2.
Refreshing native plugins compatible for Editor in 50.69 ms, found 2 plugins.
Preloading 0 native plugins for Editor in 0.00 ms.
Initialize engine version: 2020.3.11f1 (99c7afb366b3)
[Subsystems] Discovering subsystems at path E:/GAME DEV/Unity/Editor/Data/Resources/UnitySubsystems
[Subsystems] Discovering subsystems at path E:/GAME DEV/GAMES(Self)/Multiplayer(Tutorial)/Assets
GfxDevice: creating device client; threaded=0
Direct3D:
    Version:  Direct3D 11.0 [level 11.1]
    Renderer: Radeon RX 560X Series (ID=0x67ef)
    Vendor:   
    VRAM:     4076 MB
    Driver:   27.20.22001.14011
Initialize mono
Mono path[0] = 'E:/GAME DEV/Unity/Editor/Data/Managed'
Mono path[1] = 'E:/GAME DEV/Unity/Editor/Data/MonoBleedingEdge/lib/mono/unityjit'
Mono config path = 'E:/GAME DEV/Unity/Editor/Data/MonoBleedingEdge/etc'
Using monoOptions --debugger-agent=transport=dt_socket,embedding=1,server=y,suspend=n,address=127.0.0.1:56140
Begin MonoManager ReloadAssembly
Registering precompiled unity dll's ...
Register platform support module: E:/GAME DEV/Unity/Editor/Data/PlaybackEngines/WindowsStandaloneSupport/UnityEditor.WindowsStandalone.Extensions.dll
Registered in 0.001249 seconds.
Native extension for WindowsStandalone target not found
Refreshing native plugins compatible for Editor in 62.32 ms, found 2 plugins.
Preloading 0 native plugins for Editor in 0.00 ms.
Mono: successfully reloaded assembly
- Completed reload, in  1.326 seconds
Platform modules already initialized, skipping
Registering precompiled user dll's ...
Registered in 0.004828 seconds.
Begin MonoManager ReloadAssembly
Native extension for WindowsStandalone target not found
Refreshing native plugins compatible for Editor in 0.57 ms, found 2 plugins.
Preloading 0 native plugins for Editor in 0.00 ms.
Mono: successfully reloaded assembly
- Completed reload, in  2.402 seconds
Platform modules already initialized, skipping
========================================================================
Worker process is ready to serve import requests
Launched and connected shader compiler UnityShaderCompiler.exe after 0.63 seconds
Refreshing native plugins compatible for Editor in 0.70 ms, found 2 plugins.
Preloading 0 native plugins for Editor in 0.00 ms.
Unloading 1666 Unused Serialized files (Serialized files now loaded: 0)
System memory in use before: 85.6 MB.
System memory in use after: 85.3 MB.

Unloading 27 unused Assets to reduce memory usage. Loaded Objects now: 2102.
Total: 3.817000 ms (FindLiveObjects: 0.247500 ms CreateObjectMapping: 0.058600 ms MarkObjects: 2.918400 ms  DeleteObjects: 0.588800 ms)

========================================================================
Received Import Request.
  path: Assets/Scripts/PlayerController.cs
  artifactKey: Guid(bc93af82f4608fc4f8aa3fff0499add6) Importer(815301076,1909f56bfc062723c751e8b465ee728b)
Start importing Assets/Scripts/PlayerController.cs using Guid(bc93af82f4608fc4f8aa3fff0499add6) Importer(815301076,1909f56bfc062723c751e8b465ee728b)  -> (artifact id: '08391ec5d606360a3146e6655a08d025') in 0.216464 seconds
  Import took 0.303093 seconds .

========================================================================
Received Import Request.
  Time since last request: 2023.448377 seconds.
  path: Assets/Scenes/Map2.unity
  artifactKey: Guid(64d96be8e270ede41ade39c96e70608a) Importer(815301076,1909f56bfc062723c751e8b465ee728b)
Start importing Assets/Scenes/Map2.unity using Guid(64d96be8e270ede41ade39c96e70608a) Importer(815301076,1909f56bfc062723c751e8b465ee728b)  -> (artifact id: '4c1acbb308606ff2a236bb7c10ada129') in 0.054918 seconds
  Import took 0.142285 seconds .

========================================================================
Received Prepare
Registering precompiled user dll's ...
Registered in 0.099548 seconds.
Begin MonoManager ReloadAssembly
Native extension for WindowsStandalone target not found
Refreshing native plugins compatible for Editor in 0.58 ms, found 2 plugins.
Preloading 0 native plugins for Editor in 0.00 ms.
Mono: successfully reloaded assembly
- Completed reload, in  1.364 seconds
Platform modules already initialized, skipping
Refreshing native plugins compatible for Editor in 0.66 ms, found 2 plugins.
Preloading 0 native plugins for Editor in 0.00 ms.
Unloading 1630 Unused Serialized files (Serialized files now loaded: 0)
System memory in use before: 82.5 MB.
System memory in use after: 82.2 MB.

Unloading 21 unused Assets to reduce memory usage. Loaded Objects now: 2106.
Total: 3.511200 ms (FindLiveObjects: 0.252500 ms CreateObjectMapping: 0.067000 ms MarkObjects: 2.737400 ms  DeleteObjects: 0.452300 ms)

========================================================================
Received Import Request.
  Time since last request: 1145.912331 seconds.
  path: Assets/Scenes/Map2.unity
  artifactKey: Guid(64d96be8e270ede41ade39c96e70608a) Importer(815301076,1909f56bfc062723c751e8b465ee728b)
Start importing Assets/Scenes/Map2.unity using Guid(64d96be8e270ede41ade39c96e70608a) Importer(815301076,1909f56bfc062723c751e8b465ee728b)  -> (artifact id: 'a4227eedb376612082b6ea4e78f28e2a') in 0.014528 seconds
  Import took 0.135387 seconds .

========================================================================
Received Prepare
Registering precompiled user dll's ...
Registered in 0.004533 seconds.
Begin MonoManager ReloadAssembly
Native extension for WindowsStandalone target not found
Refreshing native plugins compatible for Editor in 0.88 ms, found 2 plugins.
Preloading 0 native plugins for Editor in 0.00 ms.
Mono: successfully reloaded assembly
- Completed reload, in  1.942 seconds
Platform modules already initialized, skipping
Refreshing native plugins compatible for Editor in 0.86 ms, found 2 plugins.
Preloading 0 native plugins for Editor in 0.00 ms.
Unloading 1630 Unused Serialized files (Serialized files now loaded: 0)
System memory in use before: 82.5 MB.
System memory in use after: 82.2 MB.

Unloading 21 unused Assets to reduce memory usage. Loaded Objects now: 2110.
Total: 5.351700 ms (FindLiveObjects: 0.663300 ms CreateObjectMapping: 0.209500 ms MarkObjects: 3.800300 ms  DeleteObjects: 0.674400 ms)

========================================================================
Received Prepare
Registering precompiled user dll's ...
Registered in 0.367905 seconds.
Begin MonoManager ReloadAssembly
Native extension for WindowsStandalone target not found
Refreshing native plugins compatible for Editor in 0.83 ms, found 2 plugins.
Preloading 0 native plugins for Editor in 0.00 ms.
Mono: successfully reloaded assembly
- Completed reload, in  2.146 seconds
Platform modules already initialized, skipping
Refreshing native plugins compatible for Editor in 1.13 ms, found 2 plugins.
Preloading 0 native plugins for Editor in 0.00 ms.
Unloading 1630 Unused Serialized files (Serialized files now loaded: 0)
System memory in use before: 82.5 MB.
System memory in use after: 82.2 MB.

Unloading 21 unused Assets to reduce memory usage. Loaded Objects now: 2114.
Total: 4.980900 ms (FindLiveObjects: 0.471700 ms CreateObjectMapping: 0.085800 ms MarkObjects: 3.628700 ms  DeleteObjects: 0.791800 ms)

========================================================================
Received Prepare
Registering precompiled user dll's ...
Registered in 0.005007 seconds.
Begin MonoManager ReloadAssembly
Native extension for WindowsStandalone target not found
Refreshing native plugins compatible for Editor in 0.70 ms, found 2 plugins.
Preloading 0 native plugins for Editor in 0.00 ms.
Mono: successfully reloaded assembly
- Completed reload, in  1.307 seconds
Platform modules already initialized, skipping
Refreshing native plugins compatible for Editor in 0.61 ms, found 2 plugins.
Preloading 0 native plugins for Editor in 0.00 ms.
Unloading 1630 Unused Serialized files (Serialized files now loaded: 0)
System memory in use before: 82.5 MB.
System memory in use after: 82.2 MB.

Unloading 21 unused Assets to reduce memory usage. Loaded Objects now: 2118.
Total: 3.150200 ms (FindLiveObjects: 0.212400 ms CreateObjectMapping: 0.049100 ms MarkObjects: 2.418900 ms  DeleteObjects: 0.467800 ms)

========================================================================
Received Prepare
Registering precompiled user dll's ...
Registered in 0.004165 seconds.
Begin MonoManager ReloadAssembly
Native extension for WindowsStandalone target not found
Refreshing native plugins compatible for Editor in 0.57 ms, found 2 plugins.
Preloading 0 native plugins for Editor in 0.00 ms.
Mono: successfully reloaded assembly
- Completed reload, in  1.251 seconds
Platform modules already initialized, skipping
Refreshing native plugins compatible for Editor in 0.66 ms, found 2 plugins.
Preloading 0 native plugins for Editor in 0.00 ms.
Unloading 1630 Unused Serialized files (Serialized files now loaded: 0)
System memory in use before: 82.5 MB.
System memory in use after: 82.2 MB.

Unloading 21 unused Assets to reduce memory usage. Loaded Objects now: 2122.
Total: 2.888400 ms (FindLiveObjects: 0.213100 ms CreateObjectMapping: 0.047800 ms MarkObjects: 2.082000 ms  DeleteObjects: 0.543700 ms)

========================================================================
Received Import Request.
  Time since last request: 1559.718076 seconds.
  path: Assets/Scenes/Map2.unity
  artifactKey: Guid(64d96be8e270ede41ade39c96e70608a) Importer(815301076,1909f56bfc062723c751e8b465ee728b)
Start importing Assets/Scenes/Map2.unity using Guid(64d96be8e270ede41ade39c96e70608a) Importer(815301076,1909f56bfc062723c751e8b465ee728b)  -> (artifact id: '815ec4bdc35576c003b616c54a56c335') in 0.023226 seconds
  Import took 0.115804 seconds .

========================================================================
Received Import Request.
  Time since last request: 11.579314 seconds.
  path: Assets/Scenes/Menu.unity
  artifactKey: Guid(a6b0b1981129a414c86aec74c3c76425) Importer(815301076,1909f56bfc062723c751e8b465ee728b)
Start importing Assets/Scenes/Menu.unity using Guid(a6b0b1981129a414c86aec74c3c76425) Importer(815301076,1909f56bfc062723c751e8b465ee728b)  -> (artifact id: 'fc770eb024da0e8c50a999bfac84d52f') in 0.101871 seconds
  Import took 0.133745 seconds .

========================================================================
Received Prepare
Registering precompiled user dll's ...
Registered in 0.004208 seconds.
Begin MonoManager ReloadAssembly
Native extension for WindowsStandalone target not found
Refreshing native plugins compatible for Editor in 0.75 ms, found 2 plugins.
Preloading 0 native plugins for Editor in 0.00 ms.
Mono: successfully reloaded assembly
- Completed reload, in  1.343 seconds
Platform modules already initialized, skipping
Refreshing native plugins compatible for Editor in 0.70 ms, found 2 plugins.
Preloading 0 native plugins for Editor in 0.00 ms.
Unloading 1630 Unused Serialized files (Serialized files now loaded: 0)
System memory in use before: 82.6 MB.
System memory in use after: 82.3 MB.

Unloading 21 unused Assets to reduce memory usage. Loaded Objects now: 2126.
Total: 4.278300 ms (FindLiveObjects: 0.309200 ms CreateObjectMapping: 0.078100 ms MarkObjects: 3.365000 ms  DeleteObjects: 0.524400 ms)

========================================================================
Received Prepare
Registering precompiled user dll's ...
Registered in 0.004496 seconds.
Begin MonoManager ReloadAssembly
Native extension for WindowsStandalone target not found
Refreshing native plugins compatible for Editor in 0.54 ms, found 2 plugins.
Preloading 0 native plugins for Editor in 0.00 ms.
Mono: successfully reloaded assembly
- Completed reload, in  1.260 seconds
Platform modules already initialized, skipping
Refreshing native plugins compatible for Editor in 0.54 ms, found 2 plugins.
Preloading 0 native plugins for Editor in 0.00 ms.
Unloading 1630 Unused Serialized files (Serialized files now loaded: 0)
System memory in use before: 82.6 MB.
System memory in use after: 82.3 MB.

Unloading 21 unused Assets to reduce memory usage. Loaded Objects now: 2130.
Total: 4.256300 ms (FindLiveObjects: 0.305900 ms CreateObjectMapping: 0.052000 ms MarkObjects: 3.264300 ms  DeleteObjects: 0.630800 ms)

========================================================================
Received Import Request.
  Time since last request: 778.207676 seconds.
  path: Assets/ADG_Textures/walls_vol1/wall12/wall12.mat
  artifactKey: Guid(19384859089e5ee4f99e102652ee3484) Importer(815301076,1909f56bfc062723c751e8b465ee728b)
Start importing Assets/ADG_Textures/walls_vol1/wall12/wall12.mat using Guid(19384859089e5ee4f99e102652ee3484) Importer(815301076,1909f56bfc062723c751e8b465ee728b)  -> (artifact id: 'bc653b530fe6f07d9d6b7be3692181bd') in 1.509421 seconds
  Import took 1.535189 seconds .

========================================================================
Received Import Request.
  Time since last request: 1.839632 seconds.
  path: Assets/Materials/Sky.mat
  artifactKey: Guid(dfeb9b87c5c5e66488d517e57258d175) Importer(815301076,1909f56bfc062723c751e8b465ee728b)
Start importing Assets/Materials/Sky.mat using Guid(dfeb9b87c5c5e66488d517e57258d175) Importer(815301076,1909f56bfc062723c751e8b465ee728b)  -> (artifact id: '1bc31bceca8536e6545b963682dbaa27') in 0.034752 seconds
  Import took 0.091151 seconds .

========================================================================
Received Prepare
Registering precompiled user dll's ...
Registered in 0.005103 seconds.
Begin MonoManager ReloadAssembly
Native extension for WindowsStandalone target not found
Refreshing native plugins compatible for Editor in 0.55 ms, found 2 plugins.
Preloading 0 native plugins for Editor in 0.00 ms.
Mono: successfully reloaded assembly
- Completed reload, in  1.383 seconds
Platform modules already initialized, skipping
Refreshing native plugins compatible for Editor in 0.53 ms, found 2 plugins.
Preloading 0 native plugins for Editor in 0.00 ms.
Unloading 1630 Unused Serialized files (Serialized files now loaded: 0)
System memory in use before: 85.8 MB.
System memory in use after: 85.6 MB.

Unloading 21 unused Assets to reduce memory usage. Loaded Objects now: 2174.
Total: 2.894200 ms (FindLiveObjects: 0.339300 ms CreateObjectMapping: 0.056000 ms MarkObjects: 2.106600 ms  DeleteObjects: 0.390200 ms)

========================================================================
Received Prepare
Registering precompiled user dll's ...
Registered in 0.004361 seconds.
Begin MonoManager ReloadAssembly
Native extension for WindowsStandalone target not found
Refreshing native plugins compatible for Editor in 0.87 ms, found 2 plugins.
Preloading 0 native plugins for Editor in 0.00 ms.
Mono: successfully reloaded assembly
- Completed reload, in  1.284 seconds
Platform modules already initialized, skipping
Refreshing native plugins compatible for Editor in 0.66 ms, found 2 plugins.
Preloading 0 native plugins for Editor in 0.00 ms.
Unloading 1630 Unused Serialized files (Serialized files now loaded: 0)
System memory in use before: 85.8 MB.
System memory in use after: 85.6 MB.

Unloading 21 unused Assets to reduce memory usage. Loaded Objects now: 2178.
Total: 2.935600 ms (FindLiveObjects: 0.226200 ms CreateObjectMapping: 0.049700 ms MarkObjects: 2.197900 ms  DeleteObjects: 0.459800 ms)

========================================================================
Received Import Request.
  Time since last request: 434.071022 seconds.
  path: Assets/Standard Assets/Prototyping/Models/JoinMidPrototype04x06x01.fbx
  artifactKey: Guid(40384240c1c82b94db82531689571ab0) Importer(815301076,1909f56bfc062723c751e8b465ee728b)
Start importing Assets/Standard Assets/Prototyping/Models/JoinMidPrototype04x06x01.fbx using Guid(40384240c1c82b94db82531689571ab0) Importer(815301076,1909f56bfc062723c751e8b465ee728b)  -> (artifact id: '206860c11eaabf565641ad2ebffbf727') in 0.699786 seconds
  Import took 0.798507 seconds .

========================================================================
Received Import Request.
  Time since last request: 0.000451 seconds.
  path: Assets/Standard Assets/Prototyping/Models/StepsPrototype04x02x02.fbx
  artifactKey: Guid(900e53dd850c9cc4281be6fa21bdfea5) Importer(815301076,1909f56bfc062723c751e8b465ee728b)
Start importing Assets/Standard Assets/Prototyping/Models/StepsPrototype04x02x02.fbx using Guid(900e53dd850c9cc4281be6fa21bdfea5) Importer(815301076,1909f56bfc062723c751e8b465ee728b)  -> (artifact id: 'abc63f4c420cb402311e98a0f736ed7c') in 0.356406 seconds
  Import took 0.389333 seconds .

========================================================================
Received Import Request.
  Time since last request: 0.000304 seconds.
  path: Assets/Standard Assets/Prototyping/Models/PlatformPrototype08x01x08.fbx
  artifactKey: Guid(879dd62cbfd65314d812354e257fc5cc) Importer(815301076,1909f56bfc062723c751e8b465ee728b)
Start importing Assets/Standard Assets/Prototyping/Models/PlatformPrototype08x01x08.fbx using Guid(879dd62cbfd65314d812354e257fc5cc) Importer(815301076,1909f56bfc062723c751e8b465ee728b)  -> (artifact id: '7679ce22c25289ab724c5e04d2dcdbd5') in 0.068143 seconds
  Import took 0.084437 seconds .

========================================================================
Received Import Request.
  Time since last request: 0.000237 seconds.
  path: Assets/Standard Assets/Vehicles/Car/Models/SkyCar.fbx
  artifactKey: Guid(e6fec471c20b9d148b1f87910e67bea4) Importer(815301076,1909f56bfc062723c751e8b465ee728b)
Start importing Assets/Standard Assets/Vehicles/Car/Models/SkyCar.fbx using Guid(e6fec471c20b9d148b1f87910e67bea4) Importer(815301076,1909f56bfc062723c751e8b465ee728b)  -> (artifact id: '4f7b09e5a1476d9772ce5bf92471b177') in 0.743290 seconds
  Import took 0.904157 seconds .

========================================================================
Received Import Request.
  Time since last request: 0.000390 seconds.
  path: Assets/Standard Assets/Environment/Water (Basic)/Models/WaterBasicPlane.fbx
  artifactKey: Guid(ce8d79c79d11b8f9d00076e98d76c639) Importer(815301076,1909f56bfc062723c751e8b465ee728b)
Start importing Assets/Standard Assets/Environment/Water (Basic)/Models/WaterBasicPlane.fbx using Guid(ce8d79c79d11b8f9d00076e98d76c639) Importer(815301076,1909f56bfc062723c751e8b465ee728b)  -> (artifact id: '41729fb67a230d9d58df0595453ddc96') in 0.076972 seconds
  Import took 0.173986 seconds .

========================================================================
Received Import Request.
  Time since last request: 0.000298 seconds.
  path: Assets/Standard Assets/Prototyping/Models/PlatformPrototype02x01x02.fbx
  artifactKey: Guid(38a9d3cc5c1e0aa4f92ff3445b73ed7f) Importer(815301076,1909f56bfc062723c751e8b465ee728b)
Start importing Assets/Standard Assets/Prototyping/Models/PlatformPrototype02x01x02.fbx using Guid(38a9d3cc5c1e0aa4f92ff3445b73ed7f) Importer(815301076,1909f56bfc062723c751e8b465ee728b)  -> (artifact id: 'b20b01a1b826ecf1b21b8d55d7b3ee79') in 0.070402 seconds
  Import took 0.125748 seconds .

========================================================================
Received Import Request.
  Time since last request: 0.000406 seconds.
  path: Assets/_Udemy Online Game Assets/Models/Kenney Blaster Kit/targetA.fbx
  artifactKey: Guid(16db85f267f41c143b5da5041b4743b5) Importer(815301076,1909f56bfc062723c751e8b465ee728b)
Start importing Assets/_Udemy Online Game Assets/Models/Kenney Blaster Kit/targetA.fbx using Guid(16db85f267f41c143b5da5041b4743b5) Importer(815301076,1909f56bfc062723c751e8b465ee728b)  -> (artifact id: '1b822ad67dc8dbaaee324d1538b36f4b') in 0.460013 seconds
  Import took 0.465498 seconds .

========================================================================
Received Import Request.
  Time since last request: 0.000276 seconds.
  path: Assets/Standard Assets/Prototyping/Models/WallPrototype08x08x01.fbx
  artifactKey: Guid(b5290684820a94548bedb95083785116) Importer(815301076,1909f56bfc062723c751e8b465ee728b)
Start importing Assets/Standard Assets/Prototyping/Models/WallPrototype08x08x01.fbx using Guid(b5290684820a94548bedb95083785116) Importer(815301076,1909f56bfc062723c751e8b465ee728b)  -> (artifact id: '540903fbc9ce13c797ed4cb4b1e6fc97') in 0.082523 seconds
  Import took 0.098368 seconds .

========================================================================
Received Import Request.
  Time since last request: 0.000282 seconds.
  path: Assets/Standard Assets/Environment/SpeedTree/Palm/Palm_Desktop.spm
  artifactKey: Guid(d027af1092f6b434090f040565e7e656) Importer(815301076,1909f56bfc062723c751e8b465ee728b)
Start importing Assets/Standard Assets/Environment/SpeedTree/Palm/Palm_Desktop.spm using Guid(d027af1092f6b434090f040565e7e656) Importer(815301076,1909f56bfc062723c751e8b465ee728b)  -> (artifact id: '87d3de2ecea9941a076d5236faed0922') in 3.153606 seconds
  Import took 3.158002 seconds .

========================================================================
Received Import Request.
  Time since last request: 0.000217 seconds.
  path: Assets/Standard Assets/Prototyping/Models/PickupPrototype01x01x01.fbx
  artifactKey: Guid(00718395eefb6084bb25555f962f25c0) Importer(815301076,1909f56bfc062723c751e8b465ee728b)
Start importing Assets/Standard Assets/Prototyping/Models/PickupPrototype01x01x01.fbx using Guid(00718395eefb6084bb25555f962f25c0) Importer(815301076,1909f56bfc062723c751e8b465ee728b)  -> (artifact id: '748cfc20546d8e1c31584e33ec4f41e2') in 0.201256 seconds
  Import took 0.246762 seconds .

========================================================================
Received Import Request.
  Time since last request: 0.000342 seconds.
  path: Assets/_Udemy Online Game Assets/Models/Kenney Blaster Kit/targetB.fbx
  artifactKey: Guid(f5464529269524e4db8cdf4c683b2ae3) Importer(815301076,1909f56bfc062723c751e8b465ee728b)
Start importing Assets/_Udemy Online Game Assets/Models/Kenney Blaster Kit/targetB.fbx using Guid(f5464529269524e4db8cdf4c683b2ae3) Importer(815301076,1909f56bfc062723c751e8b465ee728b)  -> (artifact id: '682512ce71cce210654698979750e237') in 0.092759 seconds
  Import took 0.164930 seconds .

========================================================================
Received Import Request.
  Time since last request: 0.000368 seconds.
  path: Assets/Standard Assets/Characters/RollerBall/Models/RollerBall.fbx
  artifactKey: Guid(d05d496cb4f43c14e80630addd23652e) Importer(815301076,1909f56bfc062723c751e8b465ee728b)
Start importing Assets/Standard Assets/Characters/RollerBall/Models/RollerBall.fbx using Guid(d05d496cb4f43c14e80630addd23652e) Importer(815301076,1909f56bfc062723c751e8b465ee728b)  -> (artifact id: 'b4593f6fae6e8c266c1c0781229d4a39') in 0.103266 seconds
  Import took 0.123776 seconds .

========================================================================
Received Import Request.
  Time since last request: 0.000332 seconds.
  path: Assets/Standard Assets/Prototyping/Models/PillarPrototype01x02x01.fbx
  artifactKey: Guid(25712b9d3dd0eb4439390fb8fea8043e) Importer(815301076,1909f56bfc062723c751e8b465ee728b)
Start importing Assets/Standard Assets/Prototyping/Models/PillarPrototype01x02x01.fbx using Guid(25712b9d3dd0eb4439390fb8fea8043e) Importer(815301076,1909f56bfc062723c751e8b465ee728b)  -> (artifact id: 'a26d3be1667e4891efdfceaf45764ee6') in 0.074064 seconds
  Import took 0.119971 seconds .

========================================================================
Received Import Request.
  Time since last request: 0.000322 seconds.
  path: Assets/Standard Assets/Prototyping/Models/PillarPrototype02x08x02.fbx
  artifactKey: Guid(66a13889798137c498eae4b3acdafe19) Importer(815301076,1909f56bfc062723c751e8b465ee728b)
Start importing Assets/Standard Assets/Prototyping/Models/PillarPrototype02x08x02.fbx using Guid(66a13889798137c498eae4b3acdafe19) Importer(815301076,1909f56bfc062723c751e8b465ee728b)  -> (artifact id: 'b54b6e238ae6e6ec83bdadfde311a06c') in 0.078297 seconds
  Import took 0.111400 seconds .

========================================================================
Received Import Request.
  Time since last request: 0.000306 seconds.
  path: Assets/Standard Assets/Environment/Water/Water/Models/WaterPlane.fbx
  artifactKey: Guid(ba6a41dc489914734857bb5924eb70ad) Importer(815301076,1909f56bfc062723c751e8b465ee728b)
Start importing Assets/Standard Assets/Environment/Water/Water/Models/WaterPlane.fbx using Guid(ba6a41dc489914734857bb5924eb70ad) Importer(815301076,1909f56bfc062723c751e8b465ee728b)  -> (artifact id: '2d55394e20e904053a920b5f808ed4a1') in 0.072002 seconds
  Import took 0.101338 seconds .

========================================================================
Received Import Request.
  Time since last request: 0.000307 seconds.
  path: Assets/Standard Assets/Effects/TessellationShaders/Models/LowPolySphere.fbx
  artifactKey: Guid(103612e5e1ff43a4e896c567a2cb3ae1) Importer(815301076,1909f56bfc062723c751e8b465ee728b)
Start importing Assets/Standard Assets/Effects/TessellationShaders/Models/LowPolySphere.fbx using Guid(103612e5e1ff43a4e896c567a2cb3ae1) Importer(815301076,1909f56bfc062723c751e8b465ee728b)  -> (artifact id: 'f346d761de5202e61aa5f8343ca72bf6') in 0.053054 seconds
  Import took 0.083512 seconds .

========================================================================
Received Import Request.
  Time since last request: 0.000274 seconds.
  path: Assets/Standard Assets/Prototyping/Models/PlatformPrototype04x01x04.fbx
  artifactKey: Guid(bc2ed85df3924a4458576f17e8b10057) Importer(815301076,1909f56bfc062723c751e8b465ee728b)
Start importing Assets/Standard Assets/Prototyping/Models/PlatformPrototype04x01x04.fbx using Guid(bc2ed85df3924a4458576f17e8b10057) Importer(815301076,1909f56bfc062723c751e8b465ee728b)  -> (artifact id: '6d62a576a35a86f4ae2efc97d39e1654') in 0.068410 seconds
  Import took 0.103150 seconds .

========================================================================
Received Import Request.
  Time since last request: 0.000268 seconds.
  path: Assets/Standard Assets/Prototyping/Models/RampPrototype04x02x02.fbx
  artifactKey: Guid(b9d7ac1a0f551404f8d32e1e02b64325) Importer(815301076,1909f56bfc062723c751e8b465ee728b)
Start importing Assets/Standard Assets/Prototyping/Models/RampPrototype04x02x02.fbx using Guid(b9d7ac1a0f551404f8d32e1e02b64325) Importer(815301076,1909f56bfc062723c751e8b465ee728b)  -> (artifact id: '3bccebdd73af11ef2719673e2cd12cfe') in 0.050816 seconds
  Import took 0.089843 seconds .

========================================================================
Received Import Request.
  Time since last request: 0.000299 seconds.
  path: Assets/Standard Assets/Environment/Water/Water4/Models/OceanPlane.FBX
  artifactKey: Guid(681e41ee1260343b395ca58745c94870) Importer(815301076,1909f56bfc062723c751e8b465ee728b)
Start importing Assets/Standard Assets/Environment/Water/Water4/Models/OceanPlane.FBX using Guid(681e41ee1260343b395ca58745c94870) Importer(815301076,1909f56bfc062723c751e8b465ee728b)  -> (artifact id: 'a7869922d14c4cb71794021772c517bb') in 0.077733 seconds
  Import took 0.089748 seconds .

========================================================================
Received Import Request.
  Time since last request: 0.000261 seconds.
  path: Assets/Standard Assets/Prototyping/Models/JoinOuterPrototype02x06x02.fbx
  artifactKey: Guid(6386a10e23c45d040a22051e6ae3b70f) Importer(815301076,1909f56bfc062723c751e8b465ee728b)
Start importing Assets/Standard Assets/Prototyping/Models/JoinOuterPrototype02x06x02.fbx using Guid(6386a10e23c45d040a22051e6ae3b70f) Importer(815301076,1909f56bfc062723c751e8b465ee728b)  -> (artifact id: '609f7219c804702bcd7c9bbb6c01e6ce') in 0.078587 seconds
  Import took 0.106942 seconds .

AssetImportWorkerClient::OnTransportError - code=2 error=End of file
